# JRE version: Java(TM) SE Runtime Environment (8.0_201-b09) (build 1.8.0_201-b09)
# Java VM: Java HotSpot(TM) 64-Bit Server VM (25.201-b09 mixed mode windows-amd64 compressed oops)
Heap:
 PSYoungGen      total 21504K, used 14316K [0x00000000eb400000, 0x00000000ecf00000, 0x0000000100000000)
  eden space 15360K, 83% used [0x00000000eb400000,0x00000000ec078460,0x00000000ec300000)
  from space 6144K, 25% used [0x00000000ec300000,0x00000000ec482d40,0x00000000ec900000)
  to   space 6144K, 0% used [0x00000000ec900000,0x00000000ec900000,0x00000000ecf00000)
 ParOldGen       total 44032K, used 14229K [0x00000000c1c00000, 0x00000000c4700000, 0x00000000eb400000)
  object space 44032K, 32% used [0x00000000c1c00000,0x00000000c29e54a8,0x00000000c4700000)
 Metaspace       used 17998K, capacity 18460K, committed 18688K, reserved 1064960K
  class space    used 2134K, capacity 2299K, committed 2304K, reserved 1048576K
GC Heap History (10 events):
Event: 17.524 GC heap before
{Heap before GC invocations=7 (full 0):
 PSYoungGen      total 21504K, used 20733K [0x00000000eb400000, 0x00000000ed000000, 0x0000000100000000)
  eden space 15872K, 100% used [0x00000000eb400000,0x00000000ec380000,0x00000000ec380000)
  from space 5632K, 86% used [0x00000000ec980000,0x00000000ece3f4d8,0x00000000ecf00000)
  to   space 6144K, 0% used [0x00000000ec380000,0x00000000ec380000,0x00000000ec980000)
 ParOldGen       total 44032K, used 7430K [0x00000000c1c00000, 0x00000000c4700000, 0x00000000eb400000)
  object space 44032K, 16% used [0x00000000c1c00000,0x00000000c2341bd8,0x00000000c4700000)
 Metaspace       used 15442K, capacity 15678K, committed 15872K, reserved 1062912K
  class space    used 1853K, capacity 1946K, committed 2048K, reserved 1048576K
Event: 17.536 GC heap after
Heap after GC invocations=7 (full 0):
 PSYoungGen      total 19968K, used 3956K [0x00000000eb400000, 0x00000000ece80000, 0x0000000100000000)
  eden space 15872K, 0% used [0x00000000eb400000,0x00000000eb400000,0x00000000ec380000)
  from space 4096K, 96% used [0x00000000ec380000,0x00000000ec75d2c8,0x00000000ec780000)
  to   space 5632K, 0% used [0x00000000ec900000,0x00000000ec900000,0x00000000ece80000)
 ParOldGen       total 44032K, used 8699K [0x00000000c1c00000, 0x00000000c4700000, 0x00000000eb400000)
  object space 44032K, 19% used [0x00000000c1c00000,0x00000000c247ec78,0x00000000c4700000)
 Metaspace       used 15442K, capacity 15678K, committed 15872K, reserved 1062912K
  class space    used 1853K, capacity 1946K, committed 2048K, reserved 1048576K
}
Event: 23.874 GC heap before
{Heap before GC invocations=8 (full 0):
 PSYoungGen      total 19968K, used 19828K [0x00000000eb400000, 0x00000000ece80000, 0x0000000100000000)
  eden space 15872K, 100% used [0x00000000eb400000,0x00000000ec380000,0x00000000ec380000)
  from space 4096K, 96% used [0x00000000ec380000,0x00000000ec75d2c8,0x00000000ec780000)
  to   space 5632K, 0% used [0x00000000ec900000,0x00000000ec900000,0x00000000ece80000)
 ParOldGen       total 44032K, used 8699K [0x00000000c1c00000, 0x00000000c4700000, 0x00000000eb400000)
  object space 44032K, 19% used [0x00000000c1c00000,0x00000000c247ec78,0x00000000c4700000)
 Metaspace       used 15711K, capacity 15966K, committed 16128K, reserved 1062912K
  class space    used 1869K, capacity 1978K, committed 2048K, reserved 1048576K
Event: 23.882 GC heap after
Heap after GC invocations=8 (full 0):
 PSYoungGen      total 21504K, used 4064K [0x00000000eb400000, 0x00000000ece80000, 0x0000000100000000)
  eden space 15872K, 0% used [0x00000000eb400000,0x00000000eb400000,0x00000000ec380000)
  from space 5632K, 72% used [0x00000000ec900000,0x00000000eccf8000,0x00000000ece80000)
  to   space 5632K, 0% used [0x00000000ec380000,0x00000000ec380000,0x00000000ec900000)
 ParOldGen       total 44032K, used 9269K [0x00000000c1c00000, 0x00000000c4700000, 0x00000000eb400000)
  object space 44032K, 21% used [0x00000000c1c00000,0x00000000c250d4a8,0x00000000c4700000)
 Metaspace       used 15711K, capacity 15966K, committed 16128K, reserved 1062912K
  class space    used 1869K, capacity 1978K, committed 2048K, reserved 1048576K
}
Event: 30.507 GC heap before
{Heap before GC invocations=9 (full 0):
 PSYoungGen      total 21504K, used 19936K [0x00000000eb400000, 0x00000000ece80000, 0x0000000100000000)
  eden space 15872K, 100% used [0x00000000eb400000,0x00000000ec380000,0x00000000ec380000)
  from space 5632K, 72% used [0x00000000ec900000,0x00000000eccf8000,0x00000000ece80000)
  to   space 5632K, 0% used [0x00000000ec380000,0x00000000ec380000,0x00000000ec900000)
 ParOldGen       total 44032K, used 9269K [0x00000000c1c00000, 0x00000000c4700000, 0x00000000eb400000)
  object space 44032K, 21% used [0x00000000c1c00000,0x00000000c250d4a8,0x00000000c4700000)
 Metaspace       used 15934K, capacity 16158K, committed 16384K, reserved 1062912K
  class space    used 1871K, capacity 1978K, committed 2048K, reserved 1048576K
Event: 30.516 GC heap after
Heap after GC invocations=9 (full 0):
 PSYoungGen      total 21504K, used 2720K [0x00000000eb400000, 0x00000000ece80000, 0x0000000100000000)
  eden space 15872K, 0% used [0x00000000eb400000,0x00000000eb400000,0x00000000ec380000)
  from space 5632K, 48% used [0x00000000ec380000,0x00000000ec628020,0x00000000ec900000)
  to   space 5632K, 0% used [0x00000000ec900000,0x00000000ec900000,0x00000000ece80000)
 ParOldGen       total 44032K, used 11213K [0x00000000c1c00000, 0x00000000c4700000, 0x00000000eb400000)
  object space 44032K, 25% used [0x00000000c1c00000,0x00000000c26f34a8,0x00000000c4700000)
 Metaspace       used 15934K, capacity 16158K, committed 16384K, reserved 1062912K
  class space    used 1871K, capacity 1978K, committed 2048K, reserved 1048576K
}
Event: 34.456 GC heap before
{Heap before GC invocations=10 (full 0):
 PSYoungGen      total 21504K, used 18592K [0x00000000eb400000, 0x00000000ece80000, 0x0000000100000000)
  eden space 15872K, 100% used [0x00000000eb400000,0x00000000ec380000,0x00000000ec380000)
  from space 5632K, 48% used [0x00000000ec380000,0x00000000ec628020,0x00000000ec900000)
  to   space 5632K, 0% used [0x00000000ec900000,0x00000000ec900000,0x00000000ece80000)
 ParOldGen       total 44032K, used 11213K [0x00000000c1c00000, 0x00000000c4700000, 0x00000000eb400000)
  object space 44032K, 25% used [0x00000000c1c00000,0x00000000c26f34a8,0x00000000c4700000)
 Metaspace       used 16651K, capacity 16990K, committed 17280K, reserved 1064960K
  class space    used 1975K, capacity 2086K, committed 2176K, reserved 1048576K
Event: 34.473 GC heap after
Heap after GC invocations=10 (full 0):
 PSYoungGen      total 20992K, used 2235K [0x00000000eb400000, 0x00000000ecf80000, 0x0000000100000000)
  eden space 15360K, 0% used [0x00000000eb400000,0x00000000eb400000,0x00000000ec300000)
  from space 5632K, 39% used [0x00000000ec900000,0x00000000ecb2ec50,0x00000000ece80000)
  to   space 6144K, 0% used [0x00000000ec300000,0x00000000ec300000,0x00000000ec900000)
 ParOldGen       total 44032K, used 13077K [0x00000000c1c00000, 0x00000000c4700000, 0x00000000eb400000)
  object space 44032K, 29% used [0x00000000c1c00000,0x00000000c28c54a8,0x00000000c4700000)
 Metaspace       used 16651K, capacity 16990K, committed 17280K, reserved 1064960K
  class space    used 1975K, capacity 2086K, committed 2176K, reserved 1048576K
}
Event: 37.674 GC heap before
{Heap before GC invocations=11 (full 0):
 PSYoungGen      total 20992K, used 17595K [0x00000000eb400000, 0x00000000ecf80000, 0x0000000100000000)
  eden space 15360K, 100% used [0x00000000eb400000,0x00000000ec300000,0x00000000ec300000)
  from space 5632K, 39% used [0x00000000ec900000,0x00000000ecb2ec50,0x00000000ece80000)
  to   space 6144K, 0% used [0x00000000ec300000,0x00000000ec300000,0x00000000ec900000)
 ParOldGen       total 44032K, used 13077K [0x00000000c1c00000, 0x00000000c4700000, 0x00000000eb400000)
  object space 44032K, 29% used [0x00000000c1c00000,0x00000000c28c54a8,0x00000000c4700000)
 Metaspace       used 17504K, capacity 17894K, committed 18176K, reserved 1064960K
  class space    used 2087K, capacity 2218K, committed 2304K, reserved 1048576K
Event: 37.693 GC heap after
Heap after GC invocations=11 (full 0):
 PSYoungGen      total 21504K, used 1547K [0x00000000eb400000, 0x00000000ecf00000, 0x0000000100000000)
  eden space 15360K, 0% used [0x00000000eb400000,0x00000000eb400000,0x00000000ec300000)
  from space 6144K, 25% used [0x00000000ec300000,0x00000000ec482d40,0x00000000ec900000)
  to   space 6144K, 0% used [0x00000000ec900000,0x00000000ec900000,0x00000000ecf00000)
 ParOldGen       total 44032K, used 14229K [0x00000000c1c00000, 0x00000000c4700000, 0x00000000eb400000)
  object space 44032K, 32% used [0x00000000c1c00000,0x00000000c29e54a8,0x00000000c4700000)
 Metaspace       used 17504K, capacity 17894K, committed 18176K, reserved 1064960K
  class space    used 2087K, capacity 2218K, committed 2304K, reserved 1048576K
}

