# JRE version: Java(TM) SE Runtime Environment (8.0_201-b09) (build 1.8.0_201-b09)
# Java VM: Java HotSpot(TM) 64-Bit Server VM (25.201-b09 mixed mode windows-amd64 compressed oops)
Heap:
 PSYoungGen      total 140288K, used 30173K [0x00000000eb400000, 0x00000000f8980000, 0x0000000100000000)
  eden space 131072K, 16% used [0x00000000eb400000,0x00000000ec87b2b8,0x00000000f3400000)
  from space 9216K, 99% used [0x00000000f3400000,0x00000000f3cfc320,0x00000000f3d00000)
  to   space 15360K, 0% used [0x00000000f7a80000,0x00000000f7a80000,0x00000000f8980000)
 ParOldGen       total 35840K, used 22779K [0x00000000c1c00000, 0x00000000c3f00000, 0x00000000eb400000)
  object space 35840K, 63% used [0x00000000c1c00000,0x00000000c323ee88,0x00000000c3f00000)
 Metaspace       used 28446K, capacity 29130K, committed 29312K, reserved 1075200K
  class space    used 3427K, capacity 3639K, committed 3712K, reserved 1048576K
GC Heap History (10 events):
Event: 3.193 GC heap before
{Heap before GC invocations=6 (full 0):
 PSYoungGen      total 35328K, used 35328K [0x00000000eb400000, 0x00000000f0200000, 0x0000000100000000)
  eden space 32768K, 100% used [0x00000000eb400000,0x00000000ed400000,0x00000000ed400000)
  from space 2560K, 100% used [0x00000000ed400000,0x00000000ed680000,0x00000000ed680000)
  to   space 7168K, 0% used [0x00000000efb00000,0x00000000efb00000,0x00000000f0200000)
 ParOldGen       total 44032K, used 9719K [0x00000000c1c00000, 0x00000000c4700000, 0x00000000eb400000)
  object space 44032K, 22% used [0x00000000c1c00000,0x00000000c257dea0,0x00000000c4700000)
 Metaspace       used 15846K, capacity 16126K, committed 16384K, reserved 1062912K
  class space    used 1897K, capacity 1984K, committed 2048K, reserved 1048576K
Event: 3.222 GC heap after
Heap after GC invocations=6 (full 0):
 PSYoungGen      total 72704K, used 5357K [0x00000000eb400000, 0x00000000f0200000, 0x0000000100000000)
  eden space 65536K, 0% used [0x00000000eb400000,0x00000000eb400000,0x00000000ef400000)
  from space 7168K, 74% used [0x00000000efb00000,0x00000000f003b6c0,0x00000000f0200000)
  to   space 7168K, 0% used [0x00000000ef400000,0x00000000ef400000,0x00000000efb00000)
 ParOldGen       total 44032K, used 9727K [0x00000000c1c00000, 0x00000000c4700000, 0x00000000eb400000)
  object space 44032K, 22% used [0x00000000c1c00000,0x00000000c257fea0,0x00000000c4700000)
 Metaspace       used 15846K, capacity 16126K, committed 16384K, reserved 1062912K
  class space    used 1897K, capacity 1984K, committed 2048K, reserved 1048576K
}
Event: 15.824 GC heap before
{Heap before GC invocations=7 (full 0):
 PSYoungGen      total 72704K, used 70893K [0x00000000eb400000, 0x00000000f0200000, 0x0000000100000000)
  eden space 65536K, 100% used [0x00000000eb400000,0x00000000ef400000,0x00000000ef400000)
  from space 7168K, 74% used [0x00000000efb00000,0x00000000f003b6c0,0x00000000f0200000)
  to   space 7168K, 0% used [0x00000000ef400000,0x00000000ef400000,0x00000000efb00000)
 ParOldGen       total 44032K, used 9727K [0x00000000c1c00000, 0x00000000c4700000, 0x00000000eb400000)
  object space 44032K, 22% used [0x00000000c1c00000,0x00000000c257fea0,0x00000000c4700000)
 Metaspace       used 17904K, capacity 18454K, committed 18688K, reserved 1064960K
  class space    used 2123K, capacity 2272K, committed 2304K, reserved 1048576K
Event: 15.841 GC heap after
Heap after GC invocations=7 (full 0):
 PSYoungGen      total 72704K, used 7156K [0x00000000eb400000, 0x00000000f4600000, 0x0000000100000000)
  eden space 65536K, 0% used [0x00000000eb400000,0x00000000eb400000,0x00000000ef400000)
  from space 7168K, 99% used [0x00000000ef400000,0x00000000efafd258,0x00000000efb00000)
  to   space 9216K, 0% used [0x00000000f3d00000,0x00000000f3d00000,0x00000000f4600000)
 ParOldGen       total 44032K, used 11676K [0x00000000c1c00000, 0x00000000c4700000, 0x00000000eb400000)
  object space 44032K, 26% used [0x00000000c1c00000,0x00000000c2767278,0x00000000c4700000)
 Metaspace       used 17904K, capacity 18454K, committed 18688K, reserved 1064960K
  class space    used 2123K, capacity 2272K, committed 2304K, reserved 1048576K
}
Event: 16.760 GC heap before
{Heap before GC invocations=8 (full 0):
 PSYoungGen      total 72704K, used 17822K [0x00000000eb400000, 0x00000000f4600000, 0x0000000100000000)
  eden space 65536K, 16% used [0x00000000eb400000,0x00000000ebe6a668,0x00000000ef400000)
  from space 7168K, 99% used [0x00000000ef400000,0x00000000efafd258,0x00000000efb00000)
  to   space 9216K, 0% used [0x00000000f3d00000,0x00000000f3d00000,0x00000000f4600000)
 ParOldGen       total 44032K, used 11676K [0x00000000c1c00000, 0x00000000c4700000, 0x00000000eb400000)
  object space 44032K, 26% used [0x00000000c1c00000,0x00000000c2767278,0x00000000c4700000)
 Metaspace       used 20585K, capacity 21126K, committed 21248K, reserved 1067008K
  class space    used 2512K, capacity 2700K, committed 2816K, reserved 1048576K
Event: 16.788 GC heap after
Heap after GC invocations=8 (full 0):
 PSYoungGen      total 140288K, used 6528K [0x00000000eb400000, 0x00000000f4600000, 0x0000000100000000)
  eden space 131072K, 0% used [0x00000000eb400000,0x00000000eb400000,0x00000000f3400000)
  from space 9216K, 70% used [0x00000000f3d00000,0x00000000f4360020,0x00000000f4600000)
  to   space 9216K, 0% used [0x00000000f3400000,0x00000000f3400000,0x00000000f3d00000)
 ParOldGen       total 44032K, used 12478K [0x00000000c1c00000, 0x00000000c4700000, 0x00000000eb400000)
  object space 44032K, 28% used [0x00000000c1c00000,0x00000000c282faa8,0x00000000c4700000)
 Metaspace       used 20585K, capacity 21126K, committed 21248K, reserved 1067008K
  class space    used 2512K, capacity 2700K, committed 2816K, reserved 1048576K
}
Event: 16.788 GC heap before
{Heap before GC invocations=9 (full 1):
 PSYoungGen      total 140288K, used 6528K [0x00000000eb400000, 0x00000000f4600000, 0x0000000100000000)
  eden space 131072K, 0% used [0x00000000eb400000,0x00000000eb400000,0x00000000f3400000)
  from space 9216K, 70% used [0x00000000f3d00000,0x00000000f4360020,0x00000000f4600000)
  to   space 9216K, 0% used [0x00000000f3400000,0x00000000f3400000,0x00000000f3d00000)
 ParOldGen       total 44032K, used 12478K [0x00000000c1c00000, 0x00000000c4700000, 0x00000000eb400000)
  object space 44032K, 28% used [0x00000000c1c00000,0x00000000c282faa8,0x00000000c4700000)
 Metaspace       used 20585K, capacity 21126K, committed 21248K, reserved 1067008K
  class space    used 2512K, capacity 2700K, committed 2816K, reserved 1048576K
Event: 16.894 GC heap after
Heap after GC invocations=9 (full 1):
 PSYoungGen      total 140288K, used 0K [0x00000000eb400000, 0x00000000f4600000, 0x0000000100000000)
  eden space 131072K, 0% used [0x00000000eb400000,0x00000000eb400000,0x00000000f3400000)
  from space 9216K, 0% used [0x00000000f3d00000,0x00000000f3d00000,0x00000000f4600000)
  to   space 9216K, 0% used [0x00000000f3400000,0x00000000f3400000,0x00000000f3d00000)
 ParOldGen       total 35840K, used 10224K [0x00000000c1c00000, 0x00000000c3f00000, 0x00000000eb400000)
  object space 35840K, 28% used [0x00000000c1c00000,0x00000000c25fc230,0x00000000c3f00000)
 Metaspace       used 20585K, capacity 21126K, committed 21248K, reserved 1067008K
  class space    used 2512K, capacity 2700K, committed 2816K, reserved 1048576K
}
Event: 19.313 GC heap before
{Heap before GC invocations=10 (full 1):
 PSYoungGen      total 140288K, used 131072K [0x00000000eb400000, 0x00000000f4600000, 0x0000000100000000)
  eden space 131072K, 100% used [0x00000000eb400000,0x00000000f3400000,0x00000000f3400000)
  from space 9216K, 0% used [0x00000000f3d00000,0x00000000f3d00000,0x00000000f4600000)
  to   space 9216K, 0% used [0x00000000f3400000,0x00000000f3400000,0x00000000f3d00000)
 ParOldGen       total 35840K, used 10224K [0x00000000c1c00000, 0x00000000c3f00000, 0x00000000eb400000)
  object space 35840K, 28% used [0x00000000c1c00000,0x00000000c25fc230,0x00000000c3f00000)
 Metaspace       used 27732K, capacity 28394K, committed 28672K, reserved 1075200K
  class space    used 3350K, capacity 3543K, committed 3584K, reserved 1048576K
Event: 19.339 GC heap after
Heap after GC invocations=10 (full 1):
 PSYoungGen      total 140288K, used 9200K [0x00000000eb400000, 0x00000000f8980000, 0x0000000100000000)
  eden space 131072K, 0% used [0x00000000eb400000,0x00000000eb400000,0x00000000f3400000)
  from space 9216K, 99% used [0x00000000f3400000,0x00000000f3cfc320,0x00000000f3d00000)
  to   space 15360K, 0% used [0x00000000f7a80000,0x00000000f7a80000,0x00000000f8980000)
 ParOldGen       total 35840K, used 22779K [0x00000000c1c00000, 0x00000000c3f00000, 0x00000000eb400000)
  object space 35840K, 63% used [0x00000000c1c00000,0x00000000c323ee88,0x00000000c3f00000)
 Metaspace       used 27732K, capacity 28394K, committed 28672K, reserved 1075200K
  class space    used 3350K, capacity 3543K, committed 3584K, reserved 1048576K
}

