# JRE version: Java(TM) SE Runtime Environment (8.0_201-b09) (build 1.8.0_201-b09)
# Java VM: Java HotSpot(TM) 64-Bit Server VM (25.201-b09 mixed mode windows-amd64 compressed oops)
Heap:
 PSYoungGen      total 115200K, used 31312K [0x00000000eb400000, 0x00000000f4600000, 0x0000000100000000)
  eden space 105984K, 20% used [0x00000000eb400000,0x00000000ec99ad60,0x00000000f1b80000)
  from space 9216K, 99% used [0x00000000f3d00000,0x00000000f45f9310,0x00000000f4600000)
  to   space 11264K, 0% used [0x00000000f3000000,0x00000000f3000000,0x00000000f3b00000)
 ParOldGen       total 39936K, used 13156K [0x00000000c1c00000, 0x00000000c4300000, 0x00000000eb400000)
  object space 39936K, 32% used [0x00000000c1c00000,0x00000000c28d93d8,0x00000000c4300000)
 Metaspace       used 24789K, capacity 25506K, committed 25856K, reserved 1071104K
  class space    used 3032K, capacity 3257K, committed 3328K, reserved 1048576K
GC Heap History (10 events):
Event: 7.173 GC heap before
{Heap before GC invocations=5 (full 0):
 PSYoungGen      total 35328K, used 35312K [0x00000000eb400000, 0x00000000ed900000, 0x0000000100000000)
  eden space 32768K, 100% used [0x00000000eb400000,0x00000000ed400000,0x00000000ed400000)
  from space 2560K, 99% used [0x00000000ed680000,0x00000000ed8fc010,0x00000000ed900000)
  to   space 2560K, 0% used [0x00000000ed400000,0x00000000ed400000,0x00000000ed680000)
 ParOldGen       total 44032K, used 5135K [0x00000000c1c00000, 0x00000000c4700000, 0x00000000eb400000)
  object space 44032K, 11% used [0x00000000c1c00000,0x00000000c2103f30,0x00000000c4700000)
 Metaspace       used 15090K, capacity 15346K, committed 15616K, reserved 1062912K
  class space    used 1838K, capacity 1944K, committed 2048K, reserved 1048576K
Event: 7.192 GC heap after
Heap after GC invocations=5 (full 0):
 PSYoungGen      total 35328K, used 2544K [0x00000000eb400000, 0x00000000f0200000, 0x0000000100000000)
  eden space 32768K, 0% used [0x00000000eb400000,0x00000000eb400000,0x00000000ed400000)
  from space 2560K, 99% used [0x00000000ed400000,0x00000000ed67c010,0x00000000ed680000)
  to   space 7168K, 0% used [0x00000000efb00000,0x00000000efb00000,0x00000000f0200000)
 ParOldGen       total 44032K, used 9681K [0x00000000c1c00000, 0x00000000c4700000, 0x00000000eb400000)
  object space 44032K, 21% used [0x00000000c1c00000,0x00000000c25747c0,0x00000000c4700000)
 Metaspace       used 15090K, capacity 15346K, committed 15616K, reserved 1062912K
  class space    used 1838K, capacity 1944K, committed 2048K, reserved 1048576K
}
Event: 9.284 GC heap before
{Heap before GC invocations=6 (full 0):
 PSYoungGen      total 35328K, used 35312K [0x00000000eb400000, 0x00000000f0200000, 0x0000000100000000)
  eden space 32768K, 100% used [0x00000000eb400000,0x00000000ed400000,0x00000000ed400000)
  from space 2560K, 99% used [0x00000000ed400000,0x00000000ed67c010,0x00000000ed680000)
  to   space 7168K, 0% used [0x00000000efb00000,0x00000000efb00000,0x00000000f0200000)
 ParOldGen       total 44032K, used 9681K [0x00000000c1c00000, 0x00000000c4700000, 0x00000000eb400000)
  object space 44032K, 21% used [0x00000000c1c00000,0x00000000c25747c0,0x00000000c4700000)
 Metaspace       used 15730K, capacity 16030K, committed 16384K, reserved 1062912K
  class space    used 1869K, capacity 1978K, committed 2048K, reserved 1048576K
Event: 9.310 GC heap after
Heap after GC invocations=6 (full 0):
 PSYoungGen      total 72704K, used 4932K [0x00000000eb400000, 0x00000000f0200000, 0x0000000100000000)
  eden space 65536K, 0% used [0x00000000eb400000,0x00000000eb400000,0x00000000ef400000)
  from space 7168K, 68% used [0x00000000efb00000,0x00000000effd12d8,0x00000000f0200000)
  to   space 7168K, 0% used [0x00000000ef400000,0x00000000ef400000,0x00000000efb00000)
 ParOldGen       total 44032K, used 9689K [0x00000000c1c00000, 0x00000000c4700000, 0x00000000eb400000)
  object space 44032K, 22% used [0x00000000c1c00000,0x00000000c25767c0,0x00000000c4700000)
 Metaspace       used 15730K, capacity 16030K, committed 16384K, reserved 1062912K
  class space    used 1869K, capacity 1978K, committed 2048K, reserved 1048576K
}
Event: 15.432 GC heap before
{Heap before GC invocations=7 (full 0):
 PSYoungGen      total 72704K, used 68858K [0x00000000eb400000, 0x00000000f0200000, 0x0000000100000000)
  eden space 65536K, 97% used [0x00000000eb400000,0x00000000ef26d580,0x00000000ef400000)
  from space 7168K, 68% used [0x00000000efb00000,0x00000000effd12d8,0x00000000f0200000)
  to   space 7168K, 0% used [0x00000000ef400000,0x00000000ef400000,0x00000000efb00000)
 ParOldGen       total 44032K, used 9689K [0x00000000c1c00000, 0x00000000c4700000, 0x00000000eb400000)
  object space 44032K, 22% used [0x00000000c1c00000,0x00000000c25767c0,0x00000000c4700000)
 Metaspace       used 20640K, capacity 21122K, committed 21248K, reserved 1067008K
  class space    used 2525K, capacity 2722K, committed 2816K, reserved 1048576K
Event: 15.481 GC heap after
Heap after GC invocations=7 (full 0):
 PSYoungGen      total 72704K, used 7151K [0x00000000eb400000, 0x00000000f4600000, 0x0000000100000000)
  eden space 65536K, 0% used [0x00000000eb400000,0x00000000eb400000,0x00000000ef400000)
  from space 7168K, 99% used [0x00000000ef400000,0x00000000efafbfa8,0x00000000efb00000)
  to   space 9216K, 0% used [0x00000000f3d00000,0x00000000f3d00000,0x00000000f4600000)
 ParOldGen       total 44032K, used 11946K [0x00000000c1c00000, 0x00000000c4700000, 0x00000000eb400000)
  object space 44032K, 27% used [0x00000000c1c00000,0x00000000c27aab50,0x00000000c4700000)
 Metaspace       used 20640K, capacity 21122K, committed 21248K, reserved 1067008K
  class space    used 2525K, capacity 2722K, committed 2816K, reserved 1048576K
}
Event: 15.481 GC heap before
{Heap before GC invocations=8 (full 1):
 PSYoungGen      total 72704K, used 7151K [0x00000000eb400000, 0x00000000f4600000, 0x0000000100000000)
  eden space 65536K, 0% used [0x00000000eb400000,0x00000000eb400000,0x00000000ef400000)
  from space 7168K, 99% used [0x00000000ef400000,0x00000000efafbfa8,0x00000000efb00000)
  to   space 9216K, 0% used [0x00000000f3d00000,0x00000000f3d00000,0x00000000f4600000)
 ParOldGen       total 44032K, used 11946K [0x00000000c1c00000, 0x00000000c4700000, 0x00000000eb400000)
  object space 44032K, 27% used [0x00000000c1c00000,0x00000000c27aab50,0x00000000c4700000)
 Metaspace       used 20640K, capacity 21122K, committed 21248K, reserved 1067008K
  class space    used 2525K, capacity 2722K, committed 2816K, reserved 1048576K
Event: 15.594 GC heap after
Heap after GC invocations=8 (full 1):
 PSYoungGen      total 72704K, used 0K [0x00000000eb400000, 0x00000000f4600000, 0x0000000100000000)
  eden space 65536K, 0% used [0x00000000eb400000,0x00000000eb400000,0x00000000ef400000)
  from space 7168K, 0% used [0x00000000ef400000,0x00000000ef400000,0x00000000efb00000)
  to   space 9216K, 0% used [0x00000000f3d00000,0x00000000f3d00000,0x00000000f4600000)
 ParOldGen       total 39936K, used 11663K [0x00000000c1c00000, 0x00000000c4300000, 0x00000000eb400000)
  object space 39936K, 29% used [0x00000000c1c00000,0x00000000c2763ec8,0x00000000c4300000)
 Metaspace       used 20640K, capacity 21122K, committed 21248K, reserved 1067008K
  class space    used 2525K, capacity 2722K, committed 2816K, reserved 1048576K
}
Event: 18.502 GC heap before
{Heap before GC invocations=9 (full 1):
 PSYoungGen      total 72704K, used 65536K [0x00000000eb400000, 0x00000000f4600000, 0x0000000100000000)
  eden space 65536K, 100% used [0x00000000eb400000,0x00000000ef400000,0x00000000ef400000)
  from space 7168K, 0% used [0x00000000ef400000,0x00000000ef400000,0x00000000efb00000)
  to   space 9216K, 0% used [0x00000000f3d00000,0x00000000f3d00000,0x00000000f4600000)
 ParOldGen       total 39936K, used 11663K [0x00000000c1c00000, 0x00000000c4300000, 0x00000000eb400000)
  object space 39936K, 29% used [0x00000000c1c00000,0x00000000c2763ec8,0x00000000c4300000)
 Metaspace       used 22982K, capacity 23546K, committed 23808K, reserved 1071104K
  class space    used 2757K, capacity 2949K, committed 3072K, reserved 1048576K
Event: 18.548 GC heap after
Heap after GC invocations=9 (full 1):
 PSYoungGen      total 115200K, used 9188K [0x00000000eb400000, 0x00000000f4600000, 0x0000000100000000)
  eden space 105984K, 0% used [0x00000000eb400000,0x00000000eb400000,0x00000000f1b80000)
  from space 9216K, 99% used [0x00000000f3d00000,0x00000000f45f9310,0x00000000f4600000)
  to   space 11264K, 0% used [0x00000000f3000000,0x00000000f3000000,0x00000000f3b00000)
 ParOldGen       total 39936K, used 13156K [0x00000000c1c00000, 0x00000000c4300000, 0x00000000eb400000)
  object space 39936K, 32% used [0x00000000c1c00000,0x00000000c28d93d8,0x00000000c4300000)
 Metaspace       used 22982K, capacity 23546K, committed 23808K, reserved 1071104K
  class space    used 2757K, capacity 2949K, committed 3072K, reserved 1048576K
}

